2026-01-16T02:00:44.079+0530 [INFO]  Terraform version: 1.13.4
2026-01-16T02:00:44.079+0530 [DEBUG] using github.com/hashicorp/go-tfe v1.74.1
2026-01-16T02:00:44.079+0530 [DEBUG] using github.com/hashicorp/hcl/v2 v2.24.0
2026-01-16T02:00:44.079+0530 [DEBUG] using github.com/hashicorp/terraform-svchost v0.1.1
2026-01-16T02:00:44.079+0530 [DEBUG] using github.com/zclconf/go-cty v1.16.3
2026-01-16T02:00:44.079+0530 [INFO]  Go runtime version: go1.24.5
2026-01-16T02:00:44.079+0530 [INFO]  CLI args: []string{"terraform", "apply", "--auto-approve"}
2026-01-16T02:00:44.079+0530 [TRACE] Stdout is a terminal of width 144
2026-01-16T02:00:44.079+0530 [TRACE] Stderr is a terminal of width 144
2026-01-16T02:00:44.079+0530 [TRACE] Stdin is a terminal
2026-01-16T02:00:44.079+0530 [DEBUG] Attempting to open CLI config file: /Users/sujith/.terraformrc
2026-01-16T02:00:44.079+0530 [INFO]  Loading CLI configuration from /Users/sujith/.terraformrc
2026-01-16T02:00:44.080+0530 [DEBUG] ignoring non-existing provider search directory terraform.d/plugins
2026-01-16T02:00:44.080+0530 [DEBUG] ignoring non-existing provider search directory /Users/sujith/.terraform.d/plugins
2026-01-16T02:00:44.080+0530 [DEBUG] ignoring non-existing provider search directory /Users/sujith/Library/Application Support/io.terraform/plugins
2026-01-16T02:00:44.080+0530 [DEBUG] ignoring non-existing provider search directory /Library/Application Support/io.terraform/plugins
2026-01-16T02:00:44.081+0530 [INFO]  CLI command args: []string{"apply", "--auto-approve"}
2026-01-16T02:00:44.082+0530 [TRACE] Meta.Backend: no config given or present on disk, so returning nil config
2026-01-16T02:00:44.082+0530 [INFO]  Checkpoint disabled. Not running.
2026-01-16T02:00:44.083+0530 [TRACE] Meta.Backend: backend has not previously been initialized in this working directory
2026-01-16T02:00:44.083+0530 [TRACE] Meta.Backend: using default local state only (no backend configuration, and no existing initialized backend)
2026-01-16T02:00:44.083+0530 [TRACE] Meta.Backend: instantiated backend of type <nil>
2026-01-16T02:00:44.083+0530 [DEBUG] checking for provisioner in "."
2026-01-16T02:00:44.083+0530 [DEBUG] checking for provisioner in "/Users/sujith/.local/share/nvim/mason/bin"
2026-01-16T02:00:44.083+0530 [TRACE] Meta.Backend: backend <nil> does not support operations, so wrapping it in a local backend
2026-01-16T02:00:44.085+0530 [INFO]  backend/local: starting Apply operation
